<?xml version="1.0" encoding="UTF-8"?>
<testsuites name="Cura_TestSuite_MakeAppointment_002" time="127.207" tests="1" failures="0" errors="0">
   <testsuite name="Cura_TestSuite_MakeAppointment_002" tests="1" failures="0" errors="0" time="127.207" skipped="0" timestamp="17-01-2024T14:58:14" hostname="ANTHONY DASS - DESKTOP-TGAH3CK" id="Test Suites/CURA_TestSuites/Cura_TestSuite_MakeAppointment_002">
      <properties>
[...]
</properties>
      <testcase name="Test Cases/MakeAppointment/TC_CURA MakeAppointmentvalidation 002" time="64.696" classname="Test Cases/MakeAppointment/TC_CURA MakeAppointmentvalidation 002" status="PASSED">
         <system-out><![CDATA[17-01-2024T14:59:16 - [TEST_CASE][PASSED] - Test Cases/MakeAppointment/TC_CURA MakeAppointmentvalidation 002: Test Cases/MakeAppointment/TC_CURA MakeAppointmentvalidation 002

17-01-2024T14:59:16 - [TEST_STEP][PASSED] - Start listener action : beforeTestCase: null

17-01-2024T14:59:16 - [TEST_STEP][PASSED] - Start setup action : setupTestCase: Method 'setupTestCase' complete successfully

17-01-2024T14:59:16 - [MESSAGE][PASSED] - Method 'setupTestCase' complete successfully

17-01-2024T14:59:16 - [TEST_STEP][PASSED] - openBrowser(""): Browser is opened with url: ''

17-01-2024T14:59:17 - [MESSAGE][WARNING] - A browser is already opened. Closing browser and opening a new one

17-01-2024T14:59:18 - [MESSAGE][INFO] - User set preference: ['os', 'windows']

17-01-2024T14:59:18 - [MESSAGE][INFO] - User set preference: ['browserName', 'chrome']

17-01-2024T14:59:18 - [MESSAGE][INFO] - User set preference: ['browserVersion', '119']

17-01-2024T14:59:18 - [MESSAGE][INFO] - User set preference: ['katalon:option', '{organizationId=1377089, tunnelId=, usingTunnel=false}']

17-01-2024T14:59:18 - [MESSAGE][INFO] - Connecting to remote web server 'testcloud.katalon.com/hub' with type 'Selenium'

17-01-2024T14:59:18 - [MESSAGE][INFO] - Action delay is set to 0 milliseconds

17-01-2024T14:59:44 - [MESSAGE][PASSED] - Browser is opened with url: ''

17-01-2024T14:59:44 - [TEST_STEP][PASSED] - navigateToUrl("https://katalon-demo-cura.herokuapp.com/"): Navigate to 'https://katalon-demo-cura.herokuapp.com/' successfully

17-01-2024T14:59:45 - [MESSAGE][PASSED] - Navigate to 'https://katalon-demo-cura.herokuapp.com/' successfully

17-01-2024T14:59:45 - [TEST_STEP][PASSED] - click(findTestObject("Object Repository/Cura Pages/CuraPage MakeAppointmentValidation OR/Page_CURA Healthcare Service/a_Make Appointment")): Object: 'Object Repository/Cura Pages/CuraPage MakeAppointmentValidation OR/Page_CURA Healthcare Service/a_Make Appointment' is clicked on

17-01-2024T14:59:49 - [MESSAGE][PASSED] - Object: 'Object Repository/Cura Pages/CuraPage MakeAppointmentValidation OR/Page_CURA Healthcare Service/a_Make Appointment' is clicked on

17-01-2024T14:59:49 - [TEST_STEP][PASSED] - setText(findTestObject("Object Repository/Cura Pages/CuraPage MakeAppointmentValidation OR/Page_CURA Healthcare Service/input_username"), "John Doe"): Text 'John Doe' is set on object 'Object Repository/Cura Pages/CuraPage MakeAppointmentValidation OR/Page_CURA Healthcare Service/input_username'

17-01-2024T14:59:55 - [MESSAGE][PASSED] - Text 'John Doe' is set on object 'Object Repository/Cura Pages/CuraPage MakeAppointmentValidation OR/Page_CURA Healthcare Service/input_username'

17-01-2024T14:59:55 - [TEST_STEP][PASSED] - setEncryptedText(findTestObject("Object Repository/Cura Pages/CuraPage MakeAppointmentValidation OR/Page_CURA Healthcare Service/input_password"), "g3/DOGG74jC3Flrr3yH+3D/yKbOqqUNM"): Text ****** has been set on object 'Object Repository/Cura Pages/CuraPage MakeAppointmentValidation OR/Page_CURA Healthcare Service/input_password'

17-01-2024T14:59:58 - [MESSAGE][PASSED] - Text ****** has been set on object 'Object Repository/Cura Pages/CuraPage MakeAppointmentValidation OR/Page_CURA Healthcare Service/input_password'

17-01-2024T14:59:58 - [TEST_STEP][PASSED] - click(findTestObject("Object Repository/Cura Pages/CuraPage MakeAppointmentValidation OR/Page_CURA Healthcare Service/button_Login")): Object: 'Object Repository/Cura Pages/CuraPage MakeAppointmentValidation OR/Page_CURA Healthcare Service/button_Login' is clicked on

17-01-2024T15:00:01 - [MESSAGE][PASSED] - Object: 'Object Repository/Cura Pages/CuraPage MakeAppointmentValidation OR/Page_CURA Healthcare Service/button_Login' is clicked on

17-01-2024T15:00:01 - [TEST_STEP][PASSED] - verifyElementPresent(findTestObject("Dropdown/select_Tokyo CURA Healthcare Center                            Hongkong CURA Healthcare Center                            Seoul CURA Healthcare Center"), 10): Object 'Object Repository/Dropdown/select_Tokyo CURA Healthcare Center                            Hongkong CURA Healthcare Center                            Seoul CURA Healthcare Center' is present

17-01-2024T15:00:04 - [MESSAGE][PASSED] - Object 'Object Repository/Dropdown/select_Tokyo CURA Healthcare Center                            Hongkong CURA Healthcare Center                            Seoul CURA Healthcare Center' is present

17-01-2024T15:00:04 - [TEST_STEP][PASSED] - delay(2): Delayed 2 second(s)

17-01-2024T15:00:06 - [MESSAGE][PASSED] - Delayed 2 second(s)

17-01-2024T15:00:06 - [TEST_STEP][PASSED] - verifyElementPresent(findTestObject("radiobutton/input_Medicaid_programs"), 10): Object 'Object Repository/radiobutton/input_Medicaid_programs' is present

17-01-2024T15:00:08 - [MESSAGE][PASSED] - Object 'Object Repository/radiobutton/input_Medicaid_programs' is present

17-01-2024T15:00:08 - [TEST_STEP][PASSED] - isRadioButtonNotChecked = verifyElementNotChecked(findTestObject("radiobutton/input_Medicaid_programs"), 10): Object 'Object Repository/radiobutton/input_Medicaid_programs' is not checked

17-01-2024T15:00:11 - [MESSAGE][PASSED] - Object 'Object Repository/radiobutton/input_Medicaid_programs' is not checked

17-01-2024T15:00:11 - [TEST_STEP][PASSED] - if (isRadioButtonNotChecked): null

17-01-2024T15:00:11 - [TEST_STEP][PASSED] - println("Radio button is not checked"): null

17-01-2024T15:00:11 - [TEST_STEP][PASSED] - check(findTestObject("radiobutton/input_Medicaid_programs")): Object 'Object Repository/radiobutton/input_Medicaid_programs' is checked

17-01-2024T15:00:14 - [MESSAGE][PASSED] - Object 'Object Repository/radiobutton/input_Medicaid_programs' is checked

17-01-2024T15:00:14 - [TEST_STEP][PASSED] - println("Radio button checked"): null

17-01-2024T15:00:14 - [TEST_STEP][PASSED] - isRadioButtonChecked = verifyElementChecked(findTestObject("radiobutton/input_Medicaid_programs"), 0): Object 'Object Repository/radiobutton/input_Medicaid_programs' is checked

17-01-2024T15:00:14 - [MESSAGE][WARNING] - Timeout '0' is invalid. Using default page load timeout: '30'

17-01-2024T15:00:17 - [MESSAGE][PASSED] - Object 'Object Repository/radiobutton/input_Medicaid_programs' is checked

17-01-2024T15:00:17 - [TEST_STEP][PASSED] - if (isRadioButtonChecked): null

17-01-2024T15:00:17 - [TEST_STEP][PASSED] - uncheck(findTestObject("radiobutton/input_Medicaid_programs")): Object 'Object Repository/radiobutton/input_Medicaid_programs' is un-checked

17-01-2024T15:00:20 - [MESSAGE][PASSED] - Object 'Object Repository/radiobutton/input_Medicaid_programs' is un-checked

17-01-2024T15:00:20 - [TEST_STEP][PASSED] - println("Radio button was checked. Unchecking it."): null

17-01-2024T15:00:20 - [TEST_STEP][PASSED] - closeBrowser(): Browser is closed

17-01-2024T15:00:21 - [MESSAGE][PASSED] - Browser is closed

17-01-2024T15:00:21 - [TEST_STEP][PASSED] - Start tear down : tearDownTestCase: Method 'tearDownTestCase' complete successfully

17-01-2024T15:00:21 - [MESSAGE][PASSED] - Method 'tearDownTestCase' complete successfully

17-01-2024T15:00:21 - [TEST_STEP][PASSED] - Start listener action : afterTestCase: null]]></system-out>
         <system-err><![CDATA[]]></system-err>
      </testcase>
      <system-out><![CDATA[17-01-2024T14:58:14 - [TEST_SUITE][PASSED] - Cura_TestSuite_MakeAppointment_002: Test Cases/MakeAppointment/TC_CURA MakeAppointmentvalidation 002]]></system-out>
      <system-err><![CDATA[]]></system-err>
   </testsuite>
</testsuites>
