<?xml version="1.0" encoding="UTF-8"?>
<testsuites name="Cura_TestSuiteLogin_001" time="140.485" tests="1" failures="0" errors="0">
   <testsuite name="Cura_TestSuiteLogin_001" tests="1" failures="0" errors="0" time="140.485" skipped="0" timestamp="17-01-2024T21:42:29" hostname="ANTHONY DASS - DESKTOP-TGAH3CK" id="Test Suites/CURA_TestSuites/Cura_TestSuiteLogin_001">
      <properties>
[...]
</properties>
      <testcase name="Test Cases/Login/TC_CURA_Login_001" time="59.837" classname="Test Cases/Login/TC_CURA_Login_001" status="PASSED">
         <system-out><![CDATA[17-01-2024T21:43:50 - [TEST_CASE][PASSED] - Test Cases/Login/TC_CURA_Login_001: Test Cases/Login/TC_CURA_Login_001

17-01-2024T21:43:50 - [TEST_STEP][PASSED] - Start listener action : beforeTestCase: null

17-01-2024T21:43:50 - [TEST_STEP][PASSED] - Start setup action : setupTestCase: Method 'setupTestCase' complete successfully

17-01-2024T21:43:50 - [MESSAGE][PASSED] - Method 'setupTestCase' complete successfully

17-01-2024T21:43:50 - [TEST_STEP][PASSED] - openBrowser(""): Browser is opened with url: ''

17-01-2024T21:43:50 - [MESSAGE][WARNING] - A browser is already opened. Closing browser and opening a new one

17-01-2024T21:43:51 - [MESSAGE][INFO] - User set preference: ['os', 'macos']

17-01-2024T21:43:51 - [MESSAGE][INFO] - User set preference: ['browserName', 'chrome']

17-01-2024T21:43:51 - [MESSAGE][INFO] - User set preference: ['browserVersion', '119']

17-01-2024T21:43:51 - [MESSAGE][INFO] - User set preference: ['katalon:option', '{organizationId=1377089, tunnelId=, usingTunnel=false}']

17-01-2024T21:43:51 - [MESSAGE][INFO] - Connecting to remote web server 'testcloud.katalon.com/hub' with type 'Selenium'

17-01-2024T21:43:51 - [MESSAGE][INFO] - Action delay is set to 0 milliseconds

17-01-2024T21:44:29 - [MESSAGE][PASSED] - Browser is opened with url: ''

17-01-2024T21:44:29 - [TEST_STEP][PASSED] - navigateToUrl("https://katalon-demo-cura.herokuapp.com/"): Navigate to 'https://katalon-demo-cura.herokuapp.com/' successfully

17-01-2024T21:44:30 - [MESSAGE][PASSED] - Navigate to 'https://katalon-demo-cura.herokuapp.com/' successfully

17-01-2024T21:44:30 - [TEST_STEP][PASSED] - click(findTestObject("Object Repository/Cura Pages/CuraPage_Login_OR/Page_CURA Healthcare Service/i_fa fa-bars")): Object: 'Object Repository/Cura Pages/CuraPage_Login_OR/Page_CURA Healthcare Service/i_fa fa-bars' is clicked on

17-01-2024T21:44:33 - [MESSAGE][PASSED] - Object: 'Object Repository/Cura Pages/CuraPage_Login_OR/Page_CURA Healthcare Service/i_fa fa-bars' is clicked on

17-01-2024T21:44:33 - [TEST_STEP][PASSED] - click(findTestObject("Object Repository/Cura Pages/CuraPage_Login_OR/Page_CURA Healthcare Service/a_Login")): Object: 'Object Repository/Cura Pages/CuraPage_Login_OR/Page_CURA Healthcare Service/a_Login' is clicked on

17-01-2024T21:44:36 - [MESSAGE][PASSED] - Object: 'Object Repository/Cura Pages/CuraPage_Login_OR/Page_CURA Healthcare Service/a_Login' is clicked on

17-01-2024T21:44:36 - [TEST_STEP][PASSED] - setText(findTestObject("Object Repository/Cura Pages/CuraPage_Login_OR/Page_CURA Healthcare Service/input_username"), "John Doe"): Text 'John Doe' is set on object 'Object Repository/Cura Pages/CuraPage_Login_OR/Page_CURA Healthcare Service/input_username'

17-01-2024T21:44:42 - [MESSAGE][PASSED] - Text 'John Doe' is set on object 'Object Repository/Cura Pages/CuraPage_Login_OR/Page_CURA Healthcare Service/input_username'

17-01-2024T21:44:42 - [TEST_STEP][PASSED] - setEncryptedText(findTestObject("Object Repository/Cura Pages/CuraPage_Login_OR/Page_CURA Healthcare Service/input_password"), "g3/DOGG74jC3Flrr3yH+3D/yKbOqqUNM"): Text ****** has been set on object 'Object Repository/Cura Pages/CuraPage_Login_OR/Page_CURA Healthcare Service/input_password'

17-01-2024T21:44:46 - [MESSAGE][PASSED] - Text ****** has been set on object 'Object Repository/Cura Pages/CuraPage_Login_OR/Page_CURA Healthcare Service/input_password'

17-01-2024T21:44:46 - [TEST_STEP][PASSED] - click(findTestObject("Object Repository/Cura Pages/CuraPage_Login_OR/Page_CURA Healthcare Service/button_Login")): Object: 'Object Repository/Cura Pages/CuraPage_Login_OR/Page_CURA Healthcare Service/button_Login' is clicked on

17-01-2024T21:44:49 - [MESSAGE][PASSED] - Object: 'Object Repository/Cura Pages/CuraPage_Login_OR/Page_CURA Healthcare Service/button_Login' is clicked on

17-01-2024T21:44:49 - [TEST_STEP][PASSED] - closeBrowser(): Browser is closed

17-01-2024T21:44:50 - [MESSAGE][PASSED] - Browser is closed

17-01-2024T21:44:50 - [TEST_STEP][PASSED] - Start tear down : tearDownTestCase: Method 'tearDownTestCase' complete successfully

17-01-2024T21:44:50 - [MESSAGE][PASSED] - Method 'tearDownTestCase' complete successfully

17-01-2024T21:44:50 - [TEST_STEP][PASSED] - Start listener action : afterTestCase: null]]></system-out>
         <system-err><![CDATA[]]></system-err>
      </testcase>
      <system-out><![CDATA[17-01-2024T21:42:29 - [TEST_SUITE][PASSED] - Cura_TestSuiteLogin_001: Test Cases/Login/TC_CURA_Login_001]]></system-out>
      <system-err><![CDATA[]]></system-err>
   </testsuite>
</testsuites>
